C:\Program Files\Microsoft Visual Studio\2022\Community\MSBuild\Microsoft\VC\v170\Microsoft.CppBuild.targets(531,5): warning MSB8028: The intermediate directory (x64\Debug\) contains files shared from another project (Necromancer'sDungeon.vcxproj).  This can lead to incorrect clean and rebuild behavior.
  CombatManager.cpp
C:\Users\arthu\Desktop\Travail\Perso\NecroDungeon\NecroDungeon\NecroDungeon\tools\PathFinding.h(35,2): warning C4091: 'static ': ignored on left of 'PathFinding' when no variable is declared
  Units.cpp
C:\Users\arthu\Desktop\Travail\Perso\NecroDungeon\NecroDungeon\NecroDungeon\tools\PathFinding.h(35,2): warning C4091: 'static ': ignored on left of 'PathFinding' when no variable is declared
C:\Users\arthu\Desktop\Travail\Perso\NecroDungeon\NecroDungeon\NecroDungeon\src\Units.cpp(5,18): warning C4244: 'argument': conversion from 'int' to '_Ty', possible loss of data
          with
          [
              _Ty=float
          ]
C:\Users\arthu\Desktop\Travail\Perso\NecroDungeon\NecroDungeon\NecroDungeon\src\Units.cpp(6,18): warning C4244: 'argument': conversion from 'int' to '_Ty', possible loss of data
          with
          [
              _Ty=float
          ]
C:\Users\arthu\Desktop\Travail\Perso\NecroDungeon\NecroDungeon\NecroDungeon\src\Units.cpp(7,18): warning C4244: 'argument': conversion from 'int' to '_Ty', possible loss of data
          with
          [
              _Ty=float
          ]
C:\Users\arthu\Desktop\Travail\Perso\NecroDungeon\NecroDungeon\NecroDungeon\src\Units.cpp(8,18): warning C4244: 'argument': conversion from 'int' to '_Ty', possible loss of data
          with
          [
              _Ty=float
          ]
C:\Users\arthu\Desktop\Travail\Perso\NecroDungeon\NecroDungeon\NecroDungeon\src\Units.cpp(9,18): warning C4244: 'argument': conversion from 'int' to '_Ty', possible loss of data
          with
          [
              _Ty=float
          ]
  Generating Code...
  NecroDungeon.vcxproj -> C:\Users\arthu\Desktop\Travail\Perso\NecroDungeon\NecroDungeon\x64\Debug\NecroDungeon.exe
